<?xml version="1.0" encoding="UTF-8"?>
<!-- Generated by org.testng.reporters.JUnitReportReporter -->
<testsuite skipped="0" hostname="compaq-PC" name="excel.ReadExcel" tests="1" failures="0" timestamp="29 Dec 2017 11:30:22 GMT" time="2.576" errors="0">
  <testcase name="readExcel" time="2.576" classname="excel.ReadExcel"/>
</testsuite> <!-- excel.ReadExcel -->
