<?xml version="1.0" encoding="UTF-8"?>
<!-- Generated by org.testng.reporters.JUnitReportReporter -->
<testsuite skipped="0" hostname="compaq-PC" name="extentreport.CreatehtmlReport" tests="1" failures="0" timestamp="05 Dec 2017 14:34:35 GMT" time="1.931" errors="0">
  <testcase name="report" time="1.931" classname="extentreport.CreatehtmlReport"/>
</testsuite> <!-- extentreport.CreatehtmlReport -->
