<?xml version="1.0" encoding="UTF-8"?>
<!-- Generated by org.testng.reporters.JUnitReportReporter -->
<testsuite skipped="0" hostname="compaq-PC" name="excel.WriteExcel" tests="1" failures="0" timestamp="05 Dec 2017 14:16:37 GMT" time="1.634" errors="0">
  <testcase name="writeExcelSheet" time="1.634" classname="excel.WriteExcel"/>
</testsuite> <!-- excel.WriteExcel -->
