<?xml version="1.0" encoding="UTF-8"?>
<!-- Generated by org.testng.reporters.JUnitReportReporter -->
<testsuite skipped="0" hostname="compaq-PC" name="testnggroups.CreateLead" tests="1" failures="0" timestamp="30 Nov 2017 05:47:16 GMT" time="33.630" errors="0">
  <testcase name="creatLead" time="33.630" classname="testnggroups.CreateLead"/>
</testsuite> <!-- testnggroups.CreateLead -->
