<?xml version="1.0" encoding="UTF-8"?>
<!-- Generated by org.testng.reporters.JUnitReportReporter -->
<testsuite skipped="0" hostname="compaq-PC" name="testnggroups.EditLead" tests="1" failures="0" timestamp="29 Nov 2017 16:15:55 GMT" time="78.440" errors="0">
  <testcase name="editlead" time="78.440" classname="testnggroups.EditLead"/>
</testsuite> <!-- testnggroups.EditLead -->
