<?xml version="1.0" encoding="UTF-8"?>
<!-- Generated by org.testng.reporters.JUnitReportReporter -->
<testsuite skipped="0" hostname="compaq-PC" name="learntestng.CreateLead" tests="2" failures="0" timestamp="30 Nov 2017 03:21:05 GMT" time="486.354" errors="0">
  <testcase name="creatLead" time="118.744" classname="learntestng.CreateLead"/>
  <testcase name="creatLead" time="367.610" classname="learntestng.CreateLead"/>
</testsuite> <!-- learntestng.CreateLead -->
