<?xml version="1.0" encoding="UTF-8"?>
<!-- Generated by org.testng.reporters.JUnitReportReporter -->
<testsuite skipped="0" hostname="compaq-PC" name="learntestng.EditLead" tests="1" failures="0" timestamp="30 Nov 2017 03:21:05 GMT" time="47.950" errors="0">
  <testcase name="editlead" time="47.950" classname="learntestng.EditLead"/>
</testsuite> <!-- learntestng.EditLead -->
