<?xml version="1.0" encoding="UTF-8"?>
<!-- Generated by org.testng.reporters.JUnitReportReporter -->
<testsuite skipped="0" hostname="compaq-PC" name="dataprovider.CreateLead" tests="2" failures="0" timestamp="05 Dec 2017 03:04:48 GMT" time="147.332" errors="0">
  <testcase name="creatLead" time="42.727" classname="dataprovider.CreateLead"/>
  <testcase name="creatLead" time="104.605" classname="dataprovider.CreateLead"/>
</testsuite> <!-- dataprovider.CreateLead -->
