<?xml version="1.0" encoding="UTF-8"?>
<!-- Generated by org.testng.reporters.JUnitReportReporter -->
<testsuite skipped="0" hostname="compaq-PC" name="testnggroups.DeleteRecord" tests="1" failures="0" timestamp="29 Nov 2017 16:15:55 GMT" time="68.786" errors="0">
  <testcase name="deletelead" time="68.786" classname="testnggroups.DeleteRecord"/>
</testsuite> <!-- testnggroups.DeleteRecord -->
