<?xml version="1.0" encoding="UTF-8"?>
<!-- Generated by org.testng.reporters.JUnitReportReporter -->
<testsuite skipped="0" hostname="compaq-PC" name="testnggroups.MergeLead" tests="1" failures="0" timestamp="29 Nov 2017 16:15:55 GMT" time="67.058" errors="0">
  <testcase name="mergelead" time="67.058" classname="testnggroups.MergeLead"/>
</testsuite> <!-- testnggroups.MergeLead -->
