<?xml version="1.0" encoding="UTF-8"?>
<!-- Generated by org.testng.reporters.JUnitReportReporter -->
<testsuite skipped="0" hostname="compaq-PC" name="excelusingdataprovider.ReadExcel" tests="1" failures="0" timestamp="05 Dec 2017 02:26:32 GMT" time="1.900" errors="0">
  <testcase name="readExcel" time="1.900" classname="excelusingdataprovider.ReadExcel"/>
</testsuite> <!-- excelusingdataprovider.ReadExcel -->
