<?xml version="1.0" encoding="UTF-8"?>
<!-- Generated by org.testng.reporters.JUnitReportReporter -->
<testsuite skipped="0" hostname="compaq-PC" name="dataprovider.MergeLead" tests="1" failures="0" timestamp="30 Nov 2017 05:18:19 GMT" time="42.551" errors="0">
  <testcase name="mergelead" time="42.551" classname="dataprovider.MergeLead"/>
</testsuite> <!-- dataprovider.MergeLead -->
